2025-04-02 19:31:24.351 | INFO     | executor.task_executor:execute:33 - Starting task 'every_minute_task' (attempt 1/3)
2025-04-02 19:31:24.355 | ERROR    | executor.task_executor:execute:52 - Unknown option: -e
2025-04-02 19:31:24.356 | ERROR    | executor.task_executor:execute:65 - Task 'every_minute_task' failed with return code 2
2025-04-02 19:31:24.356 | WARNING  | executor.task_executor:execute:72 - Retrying task 'every_minute_task' in 60 seconds...
2025-04-02 19:34:23.302 | INFO     | executor.task_executor:execute:33 - Starting task 'every_minute_task' (attempt 1/3)
2025-04-02 19:34:23.304 | INFO     | executor.task_executor:execute:49 - Hello, World From Every Minute Task!
2025-04-02 19:34:23.305 | SUCCESS  | executor.task_executor:execute:62 - Task 'every_minute_task' completed successfully
2025-04-02 19:35:23.428 | INFO     | executor.task_executor:execute:33 - Starting task 'every_minute_task' (attempt 1/3)
2025-04-02 19:35:23.428 | INFO     | executor.task_executor:execute:33 - Starting task 'every_minute_task' (attempt 1/3)
2025-04-02 19:35:23.430 | INFO     | executor.task_executor:execute:49 - Hello, World From Every Minute Task!
2025-04-02 19:35:23.430 | INFO     | executor.task_executor:execute:49 - Hello, World From Every Minute Task!
2025-04-02 19:35:23.431 | SUCCESS  | executor.task_executor:execute:62 - Task 'every_minute_task' completed successfully
2025-04-02 19:35:23.431 | SUCCESS  | executor.task_executor:execute:62 - Task 'every_minute_task' completed successfully
2025-04-02 19:36:23.556 | INFO     | executor.task_executor:execute:33 - Starting task 'every_minute_task' (attempt 1/3)
2025-04-02 19:36:23.556 | INFO     | executor.task_executor:execute:33 - Starting task 'every_minute_task' (attempt 1/3)
2025-04-02 19:36:23.556 | INFO     | executor.task_executor:execute:33 - Starting task 'every_minute_task' (attempt 1/3)
2025-04-02 19:36:23.558 | INFO     | executor.task_executor:execute:49 - Hello, World From Every Minute Task!
2025-04-02 19:36:23.558 | INFO     | executor.task_executor:execute:49 - Hello, World From Every Minute Task!
2025-04-02 19:36:23.558 | INFO     | executor.task_executor:execute:49 - Hello, World From Every Minute Task!
2025-04-02 19:36:23.559 | SUCCESS  | executor.task_executor:execute:62 - Task 'every_minute_task' completed successfully
2025-04-02 19:36:23.559 | SUCCESS  | executor.task_executor:execute:62 - Task 'every_minute_task' completed successfully
2025-04-02 19:36:23.559 | SUCCESS  | executor.task_executor:execute:62 - Task 'every_minute_task' completed successfully
2025-04-02 19:37:23.691 | INFO     | executor.task_executor:execute:33 - Starting task 'every_minute_task' (attempt 1/3)
2025-04-02 19:37:23.691 | INFO     | executor.task_executor:execute:33 - Starting task 'every_minute_task' (attempt 1/3)
2025-04-02 19:37:23.691 | INFO     | executor.task_executor:execute:33 - Starting task 'every_minute_task' (attempt 1/3)
2025-04-02 19:37:23.691 | INFO     | executor.task_executor:execute:33 - Starting task 'every_minute_task' (attempt 1/3)
2025-04-02 19:37:23.693 | INFO     | executor.task_executor:execute:49 - Hello, World From Every Minute Task!
2025-04-02 19:37:23.693 | INFO     | executor.task_executor:execute:49 - Hello, World From Every Minute Task!
2025-04-02 19:37:23.693 | INFO     | executor.task_executor:execute:49 - Hello, World From Every Minute Task!
2025-04-02 19:37:23.693 | INFO     | executor.task_executor:execute:49 - Hello, World From Every Minute Task!
2025-04-02 19:37:23.694 | SUCCESS  | executor.task_executor:execute:62 - Task 'every_minute_task' completed successfully
2025-04-02 19:37:23.694 | SUCCESS  | executor.task_executor:execute:62 - Task 'every_minute_task' completed successfully
2025-04-02 19:37:23.694 | SUCCESS  | executor.task_executor:execute:62 - Task 'every_minute_task' completed successfully
2025-04-02 19:37:23.694 | SUCCESS  | executor.task_executor:execute:62 - Task 'every_minute_task' completed successfully
2025-04-02 19:38:23.810 | INFO     | executor.task_executor:execute:33 - Starting task 'every_minute_task' (attempt 1/3)
2025-04-02 19:38:23.810 | INFO     | executor.task_executor:execute:33 - Starting task 'every_minute_task' (attempt 1/3)
2025-04-02 19:38:23.810 | INFO     | executor.task_executor:execute:33 - Starting task 'every_minute_task' (attempt 1/3)
2025-04-02 19:38:23.810 | INFO     | executor.task_executor:execute:33 - Starting task 'every_minute_task' (attempt 1/3)
2025-04-02 19:38:23.810 | INFO     | executor.task_executor:execute:33 - Starting task 'every_minute_task' (attempt 1/3)
2025-04-02 19:38:23.813 | INFO     | executor.task_executor:execute:49 - Hello, World From Every Minute Task!
2025-04-02 19:38:23.813 | INFO     | executor.task_executor:execute:49 - Hello, World From Every Minute Task!
2025-04-02 19:38:23.813 | INFO     | executor.task_executor:execute:49 - Hello, World From Every Minute Task!
2025-04-02 19:38:23.813 | INFO     | executor.task_executor:execute:49 - Hello, World From Every Minute Task!
2025-04-02 19:38:23.813 | INFO     | executor.task_executor:execute:49 - Hello, World From Every Minute Task!
2025-04-02 19:38:23.813 | SUCCESS  | executor.task_executor:execute:62 - Task 'every_minute_task' completed successfully
2025-04-02 19:38:23.813 | SUCCESS  | executor.task_executor:execute:62 - Task 'every_minute_task' completed successfully
2025-04-02 19:38:23.813 | SUCCESS  | executor.task_executor:execute:62 - Task 'every_minute_task' completed successfully
2025-04-02 19:38:23.813 | SUCCESS  | executor.task_executor:execute:62 - Task 'every_minute_task' completed successfully
2025-04-02 19:38:23.813 | SUCCESS  | executor.task_executor:execute:62 - Task 'every_minute_task' completed successfully
2025-04-02 19:39:23.936 | INFO     | executor.task_executor:execute:33 - Starting task 'every_minute_task' (attempt 1/3)
2025-04-02 19:39:23.936 | INFO     | executor.task_executor:execute:33 - Starting task 'every_minute_task' (attempt 1/3)
2025-04-02 19:39:23.936 | INFO     | executor.task_executor:execute:33 - Starting task 'every_minute_task' (attempt 1/3)
2025-04-02 19:39:23.936 | INFO     | executor.task_executor:execute:33 - Starting task 'every_minute_task' (attempt 1/3)
2025-04-02 19:39:23.936 | INFO     | executor.task_executor:execute:33 - Starting task 'every_minute_task' (attempt 1/3)
2025-04-02 19:39:23.936 | INFO     | executor.task_executor:execute:33 - Starting task 'every_minute_task' (attempt 1/3)
2025-04-02 19:39:23.942 | INFO     | executor.task_executor:execute:49 - Hello, World From Every Minute Task!
2025-04-02 19:39:23.942 | INFO     | executor.task_executor:execute:49 - Hello, World From Every Minute Task!
2025-04-02 19:39:23.942 | INFO     | executor.task_executor:execute:49 - Hello, World From Every Minute Task!
2025-04-02 19:39:23.942 | INFO     | executor.task_executor:execute:49 - Hello, World From Every Minute Task!
2025-04-02 19:39:23.942 | INFO     | executor.task_executor:execute:49 - Hello, World From Every Minute Task!
2025-04-02 19:39:23.942 | INFO     | executor.task_executor:execute:49 - Hello, World From Every Minute Task!
2025-04-02 19:39:23.943 | SUCCESS  | executor.task_executor:execute:62 - Task 'every_minute_task' completed successfully
2025-04-02 19:39:23.943 | SUCCESS  | executor.task_executor:execute:62 - Task 'every_minute_task' completed successfully
2025-04-02 19:39:23.943 | SUCCESS  | executor.task_executor:execute:62 - Task 'every_minute_task' completed successfully
2025-04-02 19:39:23.943 | SUCCESS  | executor.task_executor:execute:62 - Task 'every_minute_task' completed successfully
2025-04-02 19:39:23.943 | SUCCESS  | executor.task_executor:execute:62 - Task 'every_minute_task' completed successfully
2025-04-02 19:39:23.943 | SUCCESS  | executor.task_executor:execute:62 - Task 'every_minute_task' completed successfully
2025-04-02 19:40:24.069 | INFO     | executor.task_executor:execute:33 - Starting task 'every_minute_task' (attempt 1/3)
2025-04-02 19:40:24.069 | INFO     | executor.task_executor:execute:33 - Starting task 'every_minute_task' (attempt 1/3)
2025-04-02 19:40:24.069 | INFO     | executor.task_executor:execute:33 - Starting task 'every_minute_task' (attempt 1/3)
2025-04-02 19:40:24.069 | INFO     | executor.task_executor:execute:33 - Starting task 'every_minute_task' (attempt 1/3)
2025-04-02 19:40:24.069 | INFO     | executor.task_executor:execute:33 - Starting task 'every_minute_task' (attempt 1/3)
2025-04-02 19:40:24.069 | INFO     | executor.task_executor:execute:33 - Starting task 'every_minute_task' (attempt 1/3)
2025-04-02 19:40:24.069 | INFO     | executor.task_executor:execute:33 - Starting task 'every_minute_task' (attempt 1/3)
2025-04-02 19:40:24.072 | INFO     | executor.task_executor:execute:49 - Hello, World From Every Minute Task!
2025-04-02 19:40:24.072 | INFO     | executor.task_executor:execute:49 - Hello, World From Every Minute Task!
2025-04-02 19:40:24.072 | INFO     | executor.task_executor:execute:49 - Hello, World From Every Minute Task!
2025-04-02 19:40:24.072 | INFO     | executor.task_executor:execute:49 - Hello, World From Every Minute Task!
2025-04-02 19:40:24.072 | INFO     | executor.task_executor:execute:49 - Hello, World From Every Minute Task!
2025-04-02 19:40:24.072 | INFO     | executor.task_executor:execute:49 - Hello, World From Every Minute Task!
2025-04-02 19:40:24.072 | INFO     | executor.task_executor:execute:49 - Hello, World From Every Minute Task!
2025-04-02 19:40:24.074 | SUCCESS  | executor.task_executor:execute:62 - Task 'every_minute_task' completed successfully
2025-04-02 19:40:24.074 | SUCCESS  | executor.task_executor:execute:62 - Task 'every_minute_task' completed successfully
2025-04-02 19:40:24.074 | SUCCESS  | executor.task_executor:execute:62 - Task 'every_minute_task' completed successfully
2025-04-02 19:40:24.074 | SUCCESS  | executor.task_executor:execute:62 - Task 'every_minute_task' completed successfully
2025-04-02 19:40:24.074 | SUCCESS  | executor.task_executor:execute:62 - Task 'every_minute_task' completed successfully
2025-04-02 19:40:24.074 | SUCCESS  | executor.task_executor:execute:62 - Task 'every_minute_task' completed successfully
2025-04-02 19:40:24.074 | SUCCESS  | executor.task_executor:execute:62 - Task 'every_minute_task' completed successfully
2025-04-02 19:41:24.201 | INFO     | executor.task_executor:execute:33 - Starting task 'every_minute_task' (attempt 1/3)
2025-04-02 19:41:24.201 | INFO     | executor.task_executor:execute:33 - Starting task 'every_minute_task' (attempt 1/3)
2025-04-02 19:41:24.201 | INFO     | executor.task_executor:execute:33 - Starting task 'every_minute_task' (attempt 1/3)
2025-04-02 19:41:24.201 | INFO     | executor.task_executor:execute:33 - Starting task 'every_minute_task' (attempt 1/3)
2025-04-02 19:41:24.201 | INFO     | executor.task_executor:execute:33 - Starting task 'every_minute_task' (attempt 1/3)
2025-04-02 19:41:24.201 | INFO     | executor.task_executor:execute:33 - Starting task 'every_minute_task' (attempt 1/3)
2025-04-02 19:41:24.201 | INFO     | executor.task_executor:execute:33 - Starting task 'every_minute_task' (attempt 1/3)
2025-04-02 19:41:24.201 | INFO     | executor.task_executor:execute:33 - Starting task 'every_minute_task' (attempt 1/3)
2025-04-02 19:41:24.205 | INFO     | executor.task_executor:execute:49 - Hello, World From Every Minute Task!
2025-04-02 19:41:24.205 | INFO     | executor.task_executor:execute:49 - Hello, World From Every Minute Task!
2025-04-02 19:41:24.205 | INFO     | executor.task_executor:execute:49 - Hello, World From Every Minute Task!
2025-04-02 19:41:24.205 | INFO     | executor.task_executor:execute:49 - Hello, World From Every Minute Task!
2025-04-02 19:41:24.205 | INFO     | executor.task_executor:execute:49 - Hello, World From Every Minute Task!
2025-04-02 19:41:24.205 | INFO     | executor.task_executor:execute:49 - Hello, World From Every Minute Task!
2025-04-02 19:41:24.205 | INFO     | executor.task_executor:execute:49 - Hello, World From Every Minute Task!
2025-04-02 19:41:24.205 | INFO     | executor.task_executor:execute:49 - Hello, World From Every Minute Task!
2025-04-02 19:41:24.206 | SUCCESS  | executor.task_executor:execute:62 - Task 'every_minute_task' completed successfully
2025-04-02 19:41:24.206 | SUCCESS  | executor.task_executor:execute:62 - Task 'every_minute_task' completed successfully
2025-04-02 19:41:24.206 | SUCCESS  | executor.task_executor:execute:62 - Task 'every_minute_task' completed successfully
2025-04-02 19:41:24.206 | SUCCESS  | executor.task_executor:execute:62 - Task 'every_minute_task' completed successfully
2025-04-02 19:41:24.206 | SUCCESS  | executor.task_executor:execute:62 - Task 'every_minute_task' completed successfully
2025-04-02 19:41:24.206 | SUCCESS  | executor.task_executor:execute:62 - Task 'every_minute_task' completed successfully
2025-04-02 19:41:24.206 | SUCCESS  | executor.task_executor:execute:62 - Task 'every_minute_task' completed successfully
2025-04-02 19:41:24.206 | SUCCESS  | executor.task_executor:execute:62 - Task 'every_minute_task' completed successfully
2025-04-02 19:42:24.331 | INFO     | executor.task_executor:execute:33 - Starting task 'every_minute_task' (attempt 1/3)
2025-04-02 19:42:24.331 | INFO     | executor.task_executor:execute:33 - Starting task 'every_minute_task' (attempt 1/3)
2025-04-02 19:42:24.331 | INFO     | executor.task_executor:execute:33 - Starting task 'every_minute_task' (attempt 1/3)
2025-04-02 19:42:24.331 | INFO     | executor.task_executor:execute:33 - Starting task 'every_minute_task' (attempt 1/3)
2025-04-02 19:42:24.331 | INFO     | executor.task_executor:execute:33 - Starting task 'every_minute_task' (attempt 1/3)
2025-04-02 19:42:24.331 | INFO     | executor.task_executor:execute:33 - Starting task 'every_minute_task' (attempt 1/3)
2025-04-02 19:42:24.331 | INFO     | executor.task_executor:execute:33 - Starting task 'every_minute_task' (attempt 1/3)
2025-04-02 19:42:24.331 | INFO     | executor.task_executor:execute:33 - Starting task 'every_minute_task' (attempt 1/3)
2025-04-02 19:42:24.331 | INFO     | executor.task_executor:execute:33 - Starting task 'every_minute_task' (attempt 1/3)
2025-04-02 19:42:24.334 | INFO     | executor.task_executor:execute:49 - Hello, World From Every Minute Task!
2025-04-02 19:42:24.334 | INFO     | executor.task_executor:execute:49 - Hello, World From Every Minute Task!
2025-04-02 19:42:24.334 | INFO     | executor.task_executor:execute:49 - Hello, World From Every Minute Task!
2025-04-02 19:42:24.334 | INFO     | executor.task_executor:execute:49 - Hello, World From Every Minute Task!
2025-04-02 19:42:24.334 | INFO     | executor.task_executor:execute:49 - Hello, World From Every Minute Task!
2025-04-02 19:42:24.334 | INFO     | executor.task_executor:execute:49 - Hello, World From Every Minute Task!
2025-04-02 19:42:24.334 | INFO     | executor.task_executor:execute:49 - Hello, World From Every Minute Task!
2025-04-02 19:42:24.334 | INFO     | executor.task_executor:execute:49 - Hello, World From Every Minute Task!
2025-04-02 19:42:24.334 | INFO     | executor.task_executor:execute:49 - Hello, World From Every Minute Task!
2025-04-02 19:42:24.335 | SUCCESS  | executor.task_executor:execute:62 - Task 'every_minute_task' completed successfully
2025-04-02 19:42:24.335 | SUCCESS  | executor.task_executor:execute:62 - Task 'every_minute_task' completed successfully
2025-04-02 19:42:24.335 | SUCCESS  | executor.task_executor:execute:62 - Task 'every_minute_task' completed successfully
2025-04-02 19:42:24.335 | SUCCESS  | executor.task_executor:execute:62 - Task 'every_minute_task' completed successfully
2025-04-02 19:42:24.335 | SUCCESS  | executor.task_executor:execute:62 - Task 'every_minute_task' completed successfully
2025-04-02 19:42:24.335 | SUCCESS  | executor.task_executor:execute:62 - Task 'every_minute_task' completed successfully
2025-04-02 19:42:24.335 | SUCCESS  | executor.task_executor:execute:62 - Task 'every_minute_task' completed successfully
2025-04-02 19:42:24.335 | SUCCESS  | executor.task_executor:execute:62 - Task 'every_minute_task' completed successfully
2025-04-02 19:42:24.335 | SUCCESS  | executor.task_executor:execute:62 - Task 'every_minute_task' completed successfully
