2025-04-02 19:30:24.204 | INFO     | __main__:main:33 - Starting Task Runner
2025-04-02 19:30:24.217 | INFO     | scheduler.task_scheduler:schedule_task:113 - Scheduled recurring task 'every_minute_task' with interval 1m
2025-04-02 19:30:24.217 | WARNING  | scheduler.task_scheduler:schedule_task:105 - One-time task 'one_time_task' start time is in the past
2025-04-02 19:30:24.217 | INFO     | scheduler.task_scheduler:run:117 - Starting task scheduler
2025-04-02 19:31:24.351 | INFO     | executor.task_executor:execute:33 - Starting task 'every_minute_task' (attempt 1/3)
2025-04-02 19:31:24.355 | ERROR    | executor.task_executor:execute:52 - Unknown option: -e
2025-04-02 19:31:24.356 | ERROR    | executor.task_executor:execute:65 - Task 'every_minute_task' failed with return code 2
2025-04-02 19:31:24.356 | WARNING  | executor.task_executor:execute:72 - Retrying task 'every_minute_task' in 60 seconds...
2025-04-02 19:33:23.169 | INFO     | __main__:main:33 - Starting Task Runner
2025-04-02 19:33:23.182 | INFO     | scheduler.task_scheduler:schedule_task:113 - Scheduled recurring task 'every_minute_task' with interval 1m
2025-04-02 19:33:23.182 | WARNING  | scheduler.task_scheduler:schedule_task:105 - One-time task 'one_time_task' start time is in the past
2025-04-02 19:33:23.182 | INFO     | scheduler.task_scheduler:run:117 - Starting task scheduler
2025-04-02 19:34:23.302 | INFO     | executor.task_executor:execute:33 - Starting task 'every_minute_task' (attempt 1/3)
2025-04-02 19:34:23.304 | INFO     | executor.task_executor:execute:49 - Hello, World From Every Minute Task!
2025-04-02 19:34:23.305 | SUCCESS  | executor.task_executor:execute:62 - Task 'every_minute_task' completed successfully
2025-04-02 19:35:23.428 | INFO     | executor.task_executor:execute:33 - Starting task 'every_minute_task' (attempt 1/3)
2025-04-02 19:35:23.430 | INFO     | executor.task_executor:execute:49 - Hello, World From Every Minute Task!
2025-04-02 19:35:23.431 | SUCCESS  | executor.task_executor:execute:62 - Task 'every_minute_task' completed successfully
2025-04-02 19:36:23.556 | INFO     | executor.task_executor:execute:33 - Starting task 'every_minute_task' (attempt 1/3)
2025-04-02 19:36:23.558 | INFO     | executor.task_executor:execute:49 - Hello, World From Every Minute Task!
2025-04-02 19:36:23.559 | SUCCESS  | executor.task_executor:execute:62 - Task 'every_minute_task' completed successfully
